"../../../Engine/Content/EditorResources/S_Actor.uasset" 0
"../../../Engine/Content/EngineFonts/Roboto.uasset" 1
"../../../Engine/Content/Functions/Engine_MaterialFunctions01/Shading/PowerToRoughness.uasset" 2
"../../../Engine/Content/Functions/Engine_MaterialFunctions01/Shading/ConvertFromDiffSpec.uasset" 3
"../../../Engine/Content/EngineMaterials/DefaultDiffuse.uasset" 4
"../../../Engine/Content/EngineMaterials/DefaultDeferredDecalMaterial.uasset" 5
"../../../Engine/Content/EngineMaterials/DefaultLightFunctionMaterial.uasset" 6
"../../../Engine/Content/Functions/Engine_MaterialFunctions02/Utility/BreakOutFloat2Components.uasset" 7
"../../../Engine/Content/EngineMaterials/DefaultPostProcessMaterial.uasset" 8
"../../../Engine/Content/EngineResources/DefaultTexture.uasset" 9
"../../../Engine/Content/Functions/Engine_MaterialFunctions01/Texturing/ScaleUVsByCenter.uasset" 10
"../../../Engine/Content/Functions/Engine_MaterialFunctions02/ScreenResolution.uasset" 11
"../../../Engine/Content/Functions/Engine_MaterialFunctions02/Texturing/ScreenAlignedUVs.uasset" 12
"../../../Engine/Content/EngineResources/WhiteSquareTexture.uasset" 13
"../../../Engine/Content/EngineMaterials/Widget3DPassThrough.uasset" 14
"../../../Engine/Content/EngineMaterials/Widget3DPassThrough_Translucent.uasset" 15
"../../../Engine/Content/EngineMaterials/Widget3DPassThrough_Translucent_OneSided.uasset" 16
"../../../Engine/Content/EngineMaterials/Widget3DPassThrough_Opaque.uasset" 17
"../../../Engine/Content/EngineMaterials/Widget3DPassThrough_Opaque_OneSided.uasset" 18
"../../../Engine/Content/EngineMaterials/Widget3DPassThrough_Masked.uasset" 19
"../../../Engine/Content/EngineMaterials/Widget3DPassThrough_Masked_OneSided.uasset" 20
"../../../Engine/Content/EngineResources/AICON-Red.uasset" 21
"../../../Engine/Content/EngineResources/AICON-Green.uasset" 22
"../../../Engine/Content/Maps/Templates/Thumbnails/Default.uasset" 23
"../../../Engine/Content/Maps/Templates/Thumbnails/VR-Basic.uasset" 24
"../../../Engine/Content/EditorMaterials/ParticleSystems/PSysThumbnail_NoImage.uasset" 25
"../../../Engine/Content/EditorMaterials/ParticleSystems/PSysThumbnail_OOD.uasset" 26
"../../../Engine/Content/EditorLandscapeResources/DataLayer.uasset" 27
"../../../Engine/Content/EngineDamageTypes/DmgTypeBP_Environmental.uasset" 28
"../../../Engine/Content/EngineMeshes/Sphere.uasset" 29
"../../../Engine/Content/EngineFonts/RobotoDistanceField.uasset" 30
"../../../Engine/Content/EngineMaterials/DefaultTextMaterialOpaque.uasset" 31
"../../../Engine/Content/EditorResources/S_Trigger.uasset" 32
"../../../Engine/Content/EngineResources/GradientTexture0.uasset" 33
"../../../Engine/Content/EngineResources/Black.uasset" 34
"../../../Engine/Content/EditorMaterials/MatineeGroups/MAT_Groups_Float.uasset" 35
"../../../Engine/Content/EditorMaterials/MatineeGroups/MAT_Groups_Director.uasset" 36
"../../../Engine/Content/EditorMaterials/MatineeGroups/MAT_Groups_Event.uasset" 37
"../../../Engine/Content/EditorMaterials/MatineeGroups/MAT_Groups_Anim.uasset" 38
"../../../Engine/Content/EditorMaterials/MatineeGroups/MAT_Groups_Fade.uasset" 39
"../../../Engine/Content/EditorMaterials/MatineeGroups/MAT_Groups_Move.uasset" 40
"../../../Engine/Content/EditorMaterials/MatineeGroups/MAT_Groups_Slomo.uasset" 41
"../../../Engine/Content/EditorMaterials/MatineeGroups/MAT_ColorTrack.uasset" 42
"../../../Engine/Content/EditorMaterials/MAT_Groups_Toggle.uasset" 43
"../../../Engine/Content/EditorMaterials/MatineeGroups/MAT_Groups_AudioMaster.uasset" 44
"../../../Engine/Content/EditorMaterials/MatineeGroups/MAT_Groups_Sound.uasset" 45
"../../../Engine/Content/EditorMaterials/MatineeGroups/MAT_Groups_Vector.uasset" 46
"../../../Engine/Content/EditorMaterials/MAT_Groups_Visibility.uasset" 47
"../../../Engine/Content/EngineResources/DefaultTextureCube.uasset" 48
"../../../Engine/Content/Functions/Engine_MaterialFunctions01/Opacity/CameraDepthFade.uasset" 49
"../../../Engine/Content/EngineMaterials/T_Default_Material_Grid_M.uasset" 50
"../../../Engine/Content/EngineMaterials/T_Default_Material_Grid_N.uasset" 51
"../../../Engine/Content/EngineMaterials/DefaultMaterial.uasset" 52
"../../../Engine/Content/EngineMeshes/Cylinder.uasset" 53
"../../../Engine/Content/EngineTireTypes/DefaultTireType.uasset" 54
"../../../Engine/Content/EditorMaterials/Camera/CineMat.uasset" 55
"../../../Engine/Content/EditorMaterials/Camera/MI_CineMat_Rig.uasset" 56
"../../../Engine/Content/EditorMeshes/Camera/SM_CraneRig_Base.uasset" 57
"../../../Engine/Content/EditorMeshes/Camera/SM_CraneRig_Arm.uasset" 58
"../../../Engine/Content/EditorMeshes/Camera/SM_CraneRig_Mount.uasset" 59
"../../../Engine/Content/EditorMeshes/Camera/SM_CraneRig_Body.uasset" 60
"../../../Engine/Content/EditorMeshes/Camera/SM_RailRig_Track.uasset" 61
"../../../Engine/Content/EditorMeshes/Camera/SM_RailRig_Mount.uasset" 62
"../../../Engine/Content/VREditor/LaserPointer/VR_LaserPower_01.uasset" 63
"../../../Engine/Content/VREditor/TransformGizmo/TransformGizmoMaterial.uasset" 64
"../../../Engine/Content/VREditor/TransformGizmo/TranslucentTransformGizmoMaterial.uasset" 65
"../../../Engine/Content/VREditor/TransformGizmo/TranslationHandle.uasset" 66
"../../../Engine/Content/VREditor/TransformGizmo/PlaneTranslationHandle.uasset" 67
"../../../Engine/Content/VREditor/TransformGizmo/RotationHandle.uasset" 68
"../../../Engine/Content/VREditor/TransformGizmo/StretchingHandle.uasset" 69
"../../../Engine/Content/VREditor/TransformGizmo/BoundingBoxCorner.uasset" 70
"../../../Engine/Content/VREditor/TransformGizmo/BoundingBoxEdge.uasset" 71
"../../../Engine/Content/VREditor/TransformGizmo/UniformScaleHandle.uasset" 72
"../../../Engine/Content/VREditor/FloatingText/LineMaterial.uasset" 73
"../../../Engine/Content/VREditor/FloatingText/LineSegmentCylinder.uasset" 74
"../../../Engine/Content/VREditor/FloatingText/JointSphere.uasset" 75
"../../../Engine/Content/VREditor/Fonts/VRText_RobotoLarge.uasset" 76
"../../../Engine/Content/VREditor/Fonts/VRTextMaterial.uasset" 77
"../../../Engine/Content/VREditor/Fonts/TranslucentVRTextMaterial.uasset" 78
"../../../Engine/Content/VREditor/UI/SelectionBarMesh.uasset" 79
"../../../Engine/Content/VREditor/UI/CloseButtonMesh.uasset" 80
"../../../Engine/Content/Tutorial/Basics/TutorialAssets/icon_tab_Levels_40x.uasset" 81
"../../../Engine/Content/Tutorial/ContentIntroCurve.uasset" 82
"../../../Engine/Plugins/2D/Paper2D/Content/PlaceholderTextures/DummySpriteTexture.uasset" 83
"../../../Engine/Plugins/2D/Paper2D/Content/DefaultSpriteMaterial.uasset" 84
"../../../Engine/Plugins/2D/Paper2D/Content/MaskedUnlitSpriteMaterial.uasset" 85
"../../../Engine/Plugins/2D/Paper2D/Content/OpaqueUnlitSpriteMaterial.uasset" 86
"../../../Engine/Plugins/2D/Paper2D/Content/DummySprite.uasset" 87
"../../../Engine/Plugins/2D/Paper2D/Content/DefaultPaperTerrainMaterial.uasset" 88
"../../../Engine/Content/EngineMaterials/RemoveSurfaceMaterial.uasset" 89
"../../../Engine/Content/EngineDebugMaterials/DebugMeshMaterial.uasset" 90
"../../../Engine/Content/EngineMaterials/InvalidLightmapSettings.uasset" 91
"../../../Engine/Content/EngineMaterials/M_InvalidLightmapSettings.uasset" 92
"../../../Engine/Content/EditorMaterials/GizmoMaterial.uasset" 93
"../../../Engine/Content/EngineMaterials/Good64x64TilingNoiseHighFreq.uasset" 94
"../../../Engine/Content/EngineMaterials/DefaultBokeh.uasset" 95
"../../../Engine/Content/EngineMaterials/PreintegratedSkinBRDF.uasset" 96
"../../../Engine/Content/EngineMaterials/MiniFont.uasset" 97
"../../../Engine/Content/EngineMaterials/WeightMapPlaceholderTexture.uasset" 98
"../../../Engine/Content/EngineMaterials/DefaultWhiteGrid.uasset" 99
"../../../Engine/Content/EngineMaterials/DefaultPhysicalMaterial.uasset" 100
"../../../Engine/Content/EngineFonts/RobotoTiny.uasset" 101
"../../../Engine/Content/EditorSounds/Notifications/CompileSuccess.uasset" 102
"../../../Engine/Content/EditorSounds/Notifications/CompileStart_Cue.uasset" 103
"../../../Engine/Content/EditorSounds/Notifications/CompileSuccess_Cue.uasset" 104
"../../../Engine/Content/EditorSounds/Notifications/CompileFailed.uasset" 105
"../../../Engine/Content/EditorSounds/Notifications/CompileFailed_Cue.uasset" 106
"../../../airride/Content/UI/ampgreen2.uasset" 107
"../../../airride/Content/Geometry/Meshes/CubeMaterial.uasset" 108
"../../../airride/Content/Geometry/Meshes/1M_Cube.uasset" 109
"../../../airride/Content/FUCK.uasset" 110
"../../../airride/Content/goalmat.uasset" 111
"../../../airride/Content/doublerainbow.uasset" 112
"../../../airride/Content/doublerainbow_Mat.uasset" 113
"../../../airride/Content/Rainbow_Road.uasset" 114
"../../../airride/Content/Mannequin/Character/Mesh/UE4_Mannequin_Skeleton.uasset" 115
"../../../airride/Content/Mannequin/Animations/ThirdPersonJump_End.uasset" 116
"../../../Engine/Content/EngineMaterials/WorldGridMaterial.uasset" 117
"../../../airride/Content/stuff/BuildingBig.uasset" 118
"../../../airride/Content/stuff/BuildingL.uasset" 119
"../../../airride/Content/stuff/BuildingLong.uasset" 120
"../../../airride/Content/stuff/BuildingSmall.uasset" 121
"../../../airride/Content/stuff/BuildingSquare.uasset" 122
"../../../airride/Content/stuff/BuildingT.uasset" 123
"../../../airride/Content/stuff/BuildingThin.uasset" 124
"../../../airride/Content/stuff/BuildingTurn.uasset" 125
"../../../airride/Content/stuff/car1.uasset" 126
"../../../airride/Content/stuff/CaveRock.uasset" 127
"../../../airride/Content/stuff/CaveRoof.uasset" 128
"../../../airride/Content/stuff/FlowerRamp.uasset" 129
"../../../airride/Content/stuff/GroundPlain.uasset" 130
"../../../airride/Content/stuff/Hill.uasset" 131
"../../../airride/Content/stuff/map1ExportAll.uasset" 132
"../../../airride/Content/stuff/map1exportedall.uasset" 133
"../../../airride/Content/stuff/Mountain.uasset" 134
"../../../Engine/Content/MobileResources/T_MobileMenu2.uasset" 135
"../../../Engine/Content/MobileResources/HUD/MobileHUDButton1_off.uasset" 136
"../../../Engine/Content/MobileResources/HUD/MobileHUDButtonFire.uasset" 137
"../../../Engine/Content/EditorResources/EmptyActor.uasset" 138
"../../../Engine/Content/MobileResources/T_MobileControls_texture.uasset" 139
"../../../Engine/Content/EditorBlueprintResources/ActorMacros.uasset" 140
"../../../airride/Content/PlayerPhysMat.uasset" 141
"../../../Engine/Content/Functions/Engine_MaterialFunctions01/Gradient/LinearGradient.uasset" 142
"../../../airride/Content/line.uasset" 143
"../../../airride/Content/TrailParticle.uasset" 144
"../../../airride/Content/WarpStar.uasset" 145
"../../../airride/Content/ThirdPersonBP/Blueprints/ThirdPersonGameMode.uasset" 146
"../../../airride/Content/stuff/Wall.uasset" 147
"../../../airride/Content/stuff/StartSpace.uasset" 148
"../../../airride/Content/stuff/SkatePark.uasset" 149
"../../../airride/Content/stuff/rock3.uasset" 150
"../../../airride/Content/stuff/Rock2.uasset" 151
"../../../airride/Content/stuff/rock1.uasset" 152
"../../../airride/Content/stuff/Ramp.uasset" 153
"../../../Engine/Content/MobileResources/HUD/T_Castle_ThumbstickInner.uasset" 154
"../../../Engine/Content/MobileResources/HUD/MobileHUDButton3.uasset" 155
"../../../Engine/Content/MobileResources/HUD/VirtualJoystick_Background.uasset" 156
"../../../Engine/Content/MobileResources/HUD/VirtualJoystick_Thumb.uasset" 157
"../../../Engine/Content/MobileResources/HUD/DefaultVirtualJoysticks.uasset" 158
"../../../Engine/Content/MobileResources/HUD/AnalogHat.uasset" 159
"../../../airride/Content/Pink/BasicColor.uasset" 160
"../../../airride/Content/Pink/brown.uasset" 161
"../../../Engine/Content/MobileResources/HUD/LeftVirtualJoystickOnly.uasset" 162
"../../../airride/Content/UI/ampgreen.uasset" 163
"../../../Engine/Content/MobileResources/HUD/T_Castle_ThumbstickOutter.uasset" 164
"../../../Engine/Content/MobileResources/HUD/MobileHUDButton1_on.uasset" 165
"../../../airride/Content/UI/ampblack.uasset" 166
"../../../Engine/Content/MobileResources/HUD/MobileHUDButton2_on.uasset" 167
"../../../airride/Content/UI/speedblack.uasset" 168
"../../../airride/Content/UI/ampwhite.uasset" 169
"../../../airride/Content/UI/alphablue.uasset" 170
"../../../Engine/Content/MobileResources/HUD/MobileHUDDirectionStick.uasset" 171
"../../../Engine/Content/MobileResources/HUD/MobileHUDButton2_off.uasset" 172
"../../../Engine/Content/EditorBlueprintResources/StandardMacros.uasset" 173
"../../../Engine/Content/BasicShapes/BasicShapeMaterial.uasset" 174
"../../../Engine/Content/BasicShapes/Sphere.uasset" 175
"../../../airride/Content/goal.uasset" 176
"../../../airride/Content/timer.uasset" 177
"../../../airride/Content/ui/alphawhite.uasset" 178
"../../../airride/Content/UI/spectrum.uasset" 179
"../../../airride/Content/ui/speedgreen.uasset" 180
"../../../airride/Content/ui/turnWhite.uasset" 181
"../../../airride/Content/ui/HUD.uasset" 182
"../../../airride/Content/Blueprints/LambdaPlayerController.uasset" 183
"../../../airride/Content/LambdaGameMode.uasset" 184
"../../../airride/Content/UI/speed2.uasset" 185
"../../../airride/Content/UI/alpharedup.uasset" 186
"../../../airride/Content/UI/speedwhite.uasset" 187
"../../../airride/Content/UI/alphared.uasset" 188
"../../../Engine/Content/MobileResources/HUD/MobileHUDDirectionPad.uasset" 189
"../../../Engine/Content/MobileResources/HUD/MobileHUDDirectionPad2.uasset" 190
"../../../Engine/Content/MobileResources/HUD/MobileHUDDirectionPad3.uasset" 191
"../../../airride/Content/UI/alphablack.uasset" 192
"../../../airride/Content/UI/alphablueup.uasset" 193
"../../../Engine/Content/BasicShapes/Cone.uasset" 194
"../../../Engine/Content/BasicShapes/Cube.uasset" 195
"../../../Engine/Content/BasicShapes/Cylinder.uasset" 196
"../../../Engine/Content/EditorMaterials/PhAT_JointLimitMaterial.uasset" 197
"../../../Engine/Content/EditorMaterials/PreviewShadowIndicator.uasset" 198
"../../../Engine/Content/EditorMaterials/PreviewShadowIndicatorMaterial.uasset" 199
"../../../Engine/Content/EditorMeshes/ColorCalibrator/M_ChromeBall.uasset" 200
"../../../Engine/Content/EditorMeshes/ColorCalibrator/M_ClearCoat.uasset" 201
"../../../Engine/Content/EditorMeshes/ColorCalibrator/M_ClearCoatBlack.uasset" 202
"../../../Engine/Content/EditorMeshes/ColorCalibrator/T_ColorGrid.uasset" 203
"../../../Engine/Content/EditorMeshes/ColorCalibrator/M_ColorGrid.uasset" 204
"../../../Engine/Content/EditorMeshes/ColorCalibrator/M_GreyBall.uasset" 205
"../../../Engine/Content/EditorMeshes/ColorCalibrator/SM_ColorCalibrator.uasset" 206
"../../../Engine/Content/EditorResources/BSPVertex.uasset" 207
"../../../Engine/Content/EngineDebugMaterials/HeatmapGradient.uasset" 208
"../../../Engine/Content/EngineDebugMaterials/BoneWeightMaterial.uasset" 209
"../../../Engine/Content/EngineDebugMaterials/GeomMaterial.uasset" 210
"../../../Engine/Content/EngineMaterials/EditorBrushMaterial.uasset" 211
"../../../Engine/Content/EngineMeshes/Cube.uasset" 212
"../../../Engine/Content/Tutorial/BlueprintTutorials/TutorialAssets/BlueprintInterface_64x.uasset" 213
"../../../Engine/Content/Tutorial/BlueprintTutorials/TutorialAssets/BlueprintMacroLibrary_64x.uasset" 214
"../../../Engine/Content/Tutorial/BlueprintTutorials/TutorialAssets/Blueprint_64x.uasset" 215
"../../../Engine/Content/Tutorial/BlueprintTutorials/TutorialAssets/Tutorial_BP_Interface.uasset" 216
"../../../Engine/Content/Tutorial/Foliage/TutorialAssets/Foliage.uasset" 217
"../../../Engine/Content/Tutorial/Landscape/TutorialAssets/Landscape.uasset" 218
"../../../Engine/Content/Tutorial/Paper2D/TutorialAssets/Paper2DFlipbook_TutorialIcon.uasset" 219
"../../../Engine/Content/Tutorial/Paper2D/TutorialAssets/Paper2DSprite_TutorialIcon.uasset" 220
"../../../Engine/Content/Tutorial/SubEditors/TutorialAssets/icon_Editor_Preferences_General_40x.uasset" 221
"../../../Engine/Content/Tutorial/SubEditors/TutorialAssets/icon_ShowSkeletalMeshes_40x.uasset" 222
"../../../Engine/Content/Tutorial/SubEditors/TutorialAssets/TutorialMaterial.uasset" 223
"../../../Engine/Content/Tutorial/SubEditors/TutorialAssets/T_SmokeSubUV_8X8.uasset" 224
"../../../Engine/Content/Tutorial/SubEditors/TutorialAssets/T_soft_smoke.uasset" 225
"../../../Engine/Content/Tutorial/SubEditors/TutorialAssets/M_smoke_subUV_blackbody.uasset" 226
"../../../Engine/Content/Tutorial/SubEditors/TutorialAssets/TutorialParticleSystem.uasset" 227
"../../../Engine/Content/EditorMeshes/EditorCube.uasset" 228
"../../../Engine/Content/Tutorial/SubEditors/TutorialAssets/Tutorial_DM.uasset" 229
"../../../Engine/Content/EngineMaterials/DefaultNormal.uasset" 230
"../../../Engine/Content/Maps/Entry.umap" 231
"../../../Engine/Content/EngineSky/C_Sky_Cloud_Color.uasset" 232
"../../../Engine/Content/EngineSky/C_Sky_Horizon_Color.uasset" 233
"../../../Engine/Content/EngineSky/C_Sky_Zenith_Color.uasset" 234
"../../../Engine/Content/EngineSky/T_Sky_Blue.uasset" 235
"../../../Engine/Content/EngineSky/T_Sky_Clouds_M.uasset" 236
"../../../Engine/Content/EngineSky/T_Sky_Stars.uasset" 237
"../../../Engine/Content/EngineSky/M_Sky_Panning_Clouds2.uasset" 238
"../../../Engine/Content/EngineSky/SM_SkySphere.uasset" 239
"../../../Engine/Content/EngineSky/BP_Sky_Sphere.uasset" 240
"../../../airride/Content/ui/alphablueup2.uasset" 241
"../../../airride/Content/ui/alphablueup2_Mat.uasset" 242
"../../../airride/Content/ui/alpharedup2.uasset" 243
"../../../airride/Content/ui/alpharedup2_Mat.uasset" 244
"../../../airride/Content/ui/speedgreen_Mat.uasset" 245
"../../../airride/Content/ui/turnWhite_Mat.uasset" 246
"../../../airride/Content/PickupType.uasset" 247
"../../../airride/Content/Pickup.uasset" 248
"../../../airride/Content/Spawner.uasset" 249
"../../../airride/Content/Pink/asphalt.uasset" 250
"../../../airride/Content/Pink/ground.uasset" 251
"../../../airride/Content/Pink/wall.uasset" 252
"../../../airride/Content/Pink/pink.uasset" 253
"../../../airride/Content/Pink/yellow.uasset" 254
"../../../airride/Content/LOOP.uasset" 255
"../../../airride/Content/Pink/DivingBoardTextures.uasset" 256
"../../../airride/Content/Pink/DivingBoardTextures_Mat.uasset" 257
"../../../airride/Content/Pink/bridgeHalf.uasset" 258
"../../../airride/Content/Pink/clocktowerTexture.uasset" 259
"../../../airride/Content/Pink/clocktowerTexture_Mat.uasset" 260
"../../../airride/Content/Pink/ClockTower.uasset" 261
"../../../airride/Content/raimbow_001.uasset" 262
"../../../airride/Content/stuff/map1.uasset" 263
"../../../airride/Content/Main.umap" 264
"../../../Engine/Content/Functions/Engine_MaterialFunctions03/Procedurals/ComputeFilterWidth.uasset" 265
"../../../Engine/Content/EngineMaterials/AntiAliasedTextMaterialTranslucent.uasset" 266
"../../../airride/Content/Geometry/Meshes/1M_Cube_Chamfer.uasset" 267
"../../../airride/Content/Geometry/Meshes/TemplateFloor.uasset" 268
"../../../airride/Content/ThirdPerson/Meshes/RampMaterial.uasset" 269
"../../../airride/Content/ThirdPerson/Meshes/Bump_StaticMesh.uasset" 270
"../../../airride/Content/ThirdPerson/Meshes/LeftArm_StaticMesh.uasset" 271
"../../../airride/Content/ThirdPerson/Meshes/Linear_Stair_StaticMesh.uasset" 272
"../../../airride/Content/ThirdPerson/Meshes/Ramp_StaticMesh.uasset" 273
"../../../airride/Content/ThirdPerson/Meshes/RightArm_StaticMesh.uasset" 274
"../../../airride/Content/ThirdPersonExampleMap.umap" 275
"../../../airride/Content/Mannequin/Animations/ThirdPerson_Jump.uasset" 276
"../../../airride/Content/Mannequin/Animations/ThirdPersonJump_Loop.uasset" 277
"../../../airride/Content/Mannequin/Animations/ThirdPersonJump_Start.uasset" 278
"../../../airride/Content/Mannequin/Animations/ThirdPersonIdle.uasset" 279
"../../../airride/Content/Mannequin/Animations/ThirdPersonRun.uasset" 280
"../../../airride/Content/Mannequin/Animations/ThirdPersonWalk.uasset" 281
"../../../airride/Content/Mannequin/Animations/ThirdPerson_IdleRun_2D.uasset" 282
"../../../airride/Content/Mannequin/Animations/ThirdPerson_AnimBP.uasset" 283
"../../../Engine/Content/Functions/Engine_MaterialFunctions02/Utility/BlendAngleCorrectedNormals.uasset" 284
"../../../Engine/Content/Functions/MaterialLayerFunctions/MatLayerBlend_NormalBlend.uasset" 285
"../../../Engine/Content/Functions/MaterialLayerFunctions/MatLayerBlend_Simple.uasset" 286
"../../../airride/Content/Mannequin/Character/Materials/MaterialLayers/T_ML_Rubber_Blue_01_D.uasset" 287
"../../../airride/Content/Mannequin/Character/Materials/MaterialLayers/T_ML_Rubber_Blue_01_N.uasset" 288
"../../../airride/Content/Mannequin/Character/Materials/MaterialLayers/ML_GlossyBlack_Latex_UE4.uasset" 289
"../../../airride/Content/Mannequin/Character/Materials/MaterialLayers/ML_Plastic_Shiny_Beige.uasset" 290
"../../../airride/Content/Mannequin/Character/Textures/UE4_LOGO_CARD.uasset" 291
"../../../airride/Content/Mannequin/Character/Materials/MaterialLayers/ML_Plastic_Shiny_Beige_LOGO.uasset" 292
"../../../airride/Content/Mannequin/Character/Materials/MaterialLayers/T_ML_Aluminum01.uasset" 293
"../../../airride/Content/Mannequin/Character/Materials/MaterialLayers/T_ML_Aluminum01_N.uasset" 294
"../../../airride/Content/Mannequin/Character/Materials/MaterialLayers/ML_SoftMetal_UE4.uasset" 295
"../../../airride/Content/Mannequin/Character/Textures/UE4_Mannequin__normals.uasset" 296
"../../../airride/Content/Mannequin/Character/Textures/UE4_Mannequin_MAT_MASKA.uasset" 297
"../../../airride/Content/Mannequin/Character/Materials/M_UE4Man_Body.uasset" 298
"../../../airride/Content/Mannequin/Character/Textures/UE4Man_Logo_N.uasset" 299
"../../../airride/Content/Mannequin/Character/Materials/M_UE4Man_ChestLogo.uasset" 300
"../../../airride/Content/Mannequin/Character/Mesh/SK_Mannequin_PhysicsAsset.uasset" 301
"../../../airride/Content/Mannequin/Character/Mesh/SK_Mannequin.uasset" 302
"../../../airride/Content/ThirdPersonBP/Blueprints/ThirdPersonCharacter.uasset" 303
"../../../airride/Content/ThirdPersonBP/Maps/ThirdPersonExampleMap.umap" 304
